c:\users\mohad\source\repos\qtguiapplication1\qtguiapplication1\debug\vc141.pdb
c:\users\mohad\source\repos\qtguiapplication1\qtguiapplication1\debug\main.obj
c:\users\mohad\source\repos\qtguiapplication1\qtguiapplication1\debug\moc_openglwindow.obj
c:\users\mohad\source\repos\qtguiapplication1\qtguiapplication1\debug\qrc_qtguiapplication1.obj
c:\users\mohad\source\repos\qtguiapplication1\qtguiapplication1\debug\moc_menu.obj
c:\users\mohad\source\repos\qtguiapplication1\qtguiapplication1\debug\openglwindow.obj
c:\users\mohad\source\repos\qtguiapplication1\qtguiapplication1\debug\moc_particlesystem.obj
c:\users\mohad\source\repos\qtguiapplication1\win32\debug\qtguiapplication1.ilk
c:\users\mohad\source\repos\qtguiapplication1\win32\debug\qtguiapplication1.exe
c:\users\mohad\source\repos\qtguiapplication1\win32\debug\qtguiapplication1.pdb
c:\users\mohad\source\repos\qtguiapplication1\qtguiapplication1\.\generatedfiles\debug\moc_openglwindow.cpp
c:\users\mohad\source\repos\qtguiapplication1\qtguiapplication1\.\generatedfiles\debug\moc_particlesystem.cpp
c:\users\mohad\source\repos\qtguiapplication1\qtguiapplication1\.\generatedfiles\debug\moc_menu.cpp
c:\users\mohad\source\repos\qtguiapplication1\qtguiapplication1\generatedfiles\ui_openglwindow.h
c:\users\mohad\source\repos\qtguiapplication1\qtguiapplication1\generatedfiles\qrc_qtguiapplication1.cpp
c:\users\mohad\source\repos\qtguiapplication1\qtguiapplication1\generatedfiles\debug\moc_qtguiapplication1.cpp
c:\users\mohad\source\repos\qtguiapplication1\qtguiapplication1\generatedfiles\debug\moc_openglwindow.cpp
c:\users\mohad\source\repos\qtguiapplication1\qtguiapplication1\generatedfiles\debug\moc_particlesystem.cpp
c:\users\mohad\source\repos\qtguiapplication1\qtguiapplication1\generatedfiles\debug\moc_menu.cpp
c:\users\mohad\source\repos\qtguiapplication1\qtguiapplication1\.\generatedfiles\qrc_qtguiapplication1.cpp
c:\users\mohad\source\repos\qtguiapplication1\qtguiapplication1\.\generatedfiles\ui_openglwindow.h
c:\users\mohad\source\repos\qtguiapplication1\qtguiapplication1\debug\qtguiapp.b12702ad.tlog\cl.command.1.tlog
c:\users\mohad\source\repos\qtguiapplication1\qtguiapplication1\debug\qtguiapp.b12702ad.tlog\cl.read.1.tlog
c:\users\mohad\source\repos\qtguiapplication1\qtguiapplication1\debug\qtguiapp.b12702ad.tlog\cl.write.1.tlog
c:\users\mohad\source\repos\qtguiapplication1\qtguiapplication1\debug\qtguiapp.b12702ad.tlog\link.command.1.tlog
c:\users\mohad\source\repos\qtguiapplication1\qtguiapplication1\debug\qtguiapp.b12702ad.tlog\link.read.1.tlog
c:\users\mohad\source\repos\qtguiapplication1\qtguiapplication1\debug\qtguiapp.b12702ad.tlog\link.write.1.tlog
c:\users\mohad\source\repos\qtguiapplication1\qtguiapplication1\debug\qtguiapp.b12702ad.tlog\moc.read.1u.tlog
c:\users\mohad\source\repos\qtguiapplication1\qtguiapplication1\debug\qtguiapp.b12702ad.tlog\moc.write.1u.tlog
c:\users\mohad\source\repos\qtguiapplication1\qtguiapplication1\debug\qtguiapp.b12702ad.tlog\qtguiapplication1.write.1u.tlog
c:\users\mohad\source\repos\qtguiapplication1\qtguiapplication1\debug\qtguiapp.b12702ad.tlog\rcc.read.1u.tlog
c:\users\mohad\source\repos\qtguiapplication1\qtguiapplication1\debug\qtguiapp.b12702ad.tlog\rcc.write.1u.tlog
c:\users\mohad\source\repos\qtguiapplication1\qtguiapplication1\debug\qtguiapp.b12702ad.tlog\uic.read.1u.tlog
c:\users\mohad\source\repos\qtguiapplication1\qtguiapplication1\debug\qtguiapp.b12702ad.tlog\uic.write.1u.tlog
