c:\users\mohad\source\repos\qtguiapplication1\qtguiapplication1\release\moc_menu.obj
c:\users\mohad\source\repos\qtguiapplication1\qtguiapplication1\release\particlesystem.obj
c:\users\mohad\source\repos\qtguiapplication1\qtguiapplication1\release\moc_openglwindow.obj
c:\users\mohad\source\repos\qtguiapplication1\qtguiapplication1\release\qrc_qtguiapplication1.obj
c:\users\mohad\source\repos\qtguiapplication1\qtguiapplication1\release\main.obj
c:\users\mohad\source\repos\qtguiapplication1\qtguiapplication1\release\openglwindow.obj
c:\users\mohad\source\repos\qtguiapplication1\qtguiapplication1\release\moc_particlesystem.obj
c:\users\mohad\source\repos\qtguiapplication1\win32\release\qtguiapplication1.exe
c:\users\mohad\source\repos\qtguiapplication1\qtguiapplication1\.\generatedfiles\release\moc_openglwindow.cpp
c:\users\mohad\source\repos\qtguiapplication1\qtguiapplication1\.\generatedfiles\release\moc_particlesystem.cpp
c:\users\mohad\source\repos\qtguiapplication1\qtguiapplication1\.\generatedfiles\release\moc_menu.cpp
c:\users\mohad\source\repos\qtguiapplication1\qtguiapplication1\generatedfiles\ui_openglwindow.h
c:\users\mohad\source\repos\qtguiapplication1\qtguiapplication1\generatedfiles\qrc_qtguiapplication1.cpp
c:\users\mohad\source\repos\qtguiapplication1\qtguiapplication1\generatedfiles\release\moc_openglwindow.cpp
c:\users\mohad\source\repos\qtguiapplication1\qtguiapplication1\generatedfiles\release\moc_particlesystem.cpp
c:\users\mohad\source\repos\qtguiapplication1\qtguiapplication1\generatedfiles\release\moc_menu.cpp
c:\users\mohad\source\repos\qtguiapplication1\qtguiapplication1\.\generatedfiles\qrc_qtguiapplication1.cpp
c:\users\mohad\source\repos\qtguiapplication1\qtguiapplication1\.\generatedfiles\ui_openglwindow.h
c:\users\mohad\source\repos\qtguiapplication1\qtguiapplication1\release\qtguiapp.b12702ad.tlog\cl.10960.write.1.tlog
c:\users\mohad\source\repos\qtguiapplication1\qtguiapplication1\release\qtguiapp.b12702ad.tlog\cl.command.1.tlog
c:\users\mohad\source\repos\qtguiapplication1\qtguiapplication1\release\qtguiapp.b12702ad.tlog\cl.read.1.tlog
c:\users\mohad\source\repos\qtguiapplication1\qtguiapplication1\release\qtguiapp.b12702ad.tlog\link.command.1.tlog
c:\users\mohad\source\repos\qtguiapplication1\qtguiapplication1\release\qtguiapp.b12702ad.tlog\link.read.1.tlog
c:\users\mohad\source\repos\qtguiapplication1\qtguiapplication1\release\qtguiapp.b12702ad.tlog\link.write.1.tlog
c:\users\mohad\source\repos\qtguiapplication1\qtguiapplication1\release\qtguiapp.b12702ad.tlog\moc.read.1u.tlog
c:\users\mohad\source\repos\qtguiapplication1\qtguiapplication1\release\qtguiapp.b12702ad.tlog\moc.write.1u.tlog
c:\users\mohad\source\repos\qtguiapplication1\qtguiapplication1\release\qtguiapp.b12702ad.tlog\qtguiapplication1.write.1u.tlog
c:\users\mohad\source\repos\qtguiapplication1\qtguiapplication1\release\qtguiapp.b12702ad.tlog\rcc.read.1u.tlog
c:\users\mohad\source\repos\qtguiapplication1\qtguiapplication1\release\qtguiapp.b12702ad.tlog\rcc.write.1u.tlog
c:\users\mohad\source\repos\qtguiapplication1\qtguiapplication1\release\qtguiapp.b12702ad.tlog\uic.read.1u.tlog
c:\users\mohad\source\repos\qtguiapplication1\qtguiapplication1\release\qtguiapp.b12702ad.tlog\uic.write.1u.tlog
